<?xml version="1.0" encoding="UTF-8"?>
<!-- Generated by org.testng.reporters.JUnitReportReporter -->
<testsuite hostname="LAPTOP-VPOTLM74" failures="0" tests="1" name="TestNGTest.Facebook" time="0.007" errors="0" timestamp="2023-02-09T02:13:47 IST" skipped="0">
  <testcase classname="TestNGTest.Facebook" name="test" time="0.007"/>
  <system-out/>
</testsuite> <!-- TestNGTest.Facebook -->
